<?xml version="1.0" encoding="UTF-8"?>
<testsuite xmlns:xsi="http://www.w3.org/2001/XMLSchema-instance" xsi:noNamespaceSchemaLocation="https://maven.apache.org/surefire/maven-surefire-plugin/xsd/surefire-test-report-3.0.xsd" version="3.0" name="com.example.smartmaterials.service.RequestServiceTest" time="6.372" tests="3" errors="0" skipped="0" failures="0">
  <properties>
[...]
</properties>
  <testcase name="approveShouldDeductStockAndMarkApproved" classname="com.example.smartmaterials.service.RequestServiceTest" time="1.212">
    <system-out><![CDATA[21:01:14.267 [main] INFO org.springframework.test.context.support.AnnotationConfigContextLoaderUtils -- Could not detect default configuration classes for test class [com.example.smartmaterials.service.RequestServiceTest]: RequestServiceTest does not declare any static, non-private, non-final, nested classes annotated with @Configuration.
21:01:14.393 [main] INFO org.springframework.boot.test.context.SpringBootTestContextBootstrapper -- Found @SpringBootConfiguration com.example.smartmaterials.Application for test class com.example.smartmaterials.service.RequestServiceTest

  .   ____          _            __ _ _
 /\\ / ___'_ __ _ _(_)_ __  __ _ \ \ \ \
( ( )\___ | '_ | '_| | '_ \/ _` | \ \ \ \
 \\/  ___)| |_)| | | | | || (_| |  ) ) ) )
  '  |____| .__|_| |_|_| |_\__, | / / / /
 =========|_|==============|___/=/_/_/_/
 :: Spring Boot ::                (v3.2.5)

Logging initialized using 'class org.apache.ibatis.logging.stdout.StdOutImpl' adapter.
Get /192.168.15.62 network interface 
Get network interface info: name:wireless_32768 (RZ616 Wi-Fi 6E 160MHz)
Initialization Sequence datacenterId:20 workerId:24
 _ _   |_  _ _|_. ___ _ |    _ 
| | |\/|_)(_| | |_\  |_)||_|_\ 
     /               |         
                        3.5.7 
Creating a new SqlSession
Registering transaction synchronization for SqlSession [org.apache.ibatis.session.defaults.DefaultSqlSession@6949cead]
JDBC Connection [HikariProxyConnection@1388002765 wrapping conn0: url=jdbc:h2:mem:testdb user=SA] will be managed by Spring
==>  Preparing: INSERT INTO sys_user ( username, password_hash, role, enabled ) VALUES ( ?, ?, ?, ? )
==> Parameters: admin(String), 123456(String), admin(String), true(Boolean)
<==    Updates: 1
Releasing transactional SqlSession [org.apache.ibatis.session.defaults.DefaultSqlSession@6949cead]
Fetched SqlSession [org.apache.ibatis.session.defaults.DefaultSqlSession@6949cead] from current transaction
==>  Preparing: INSERT INTO sys_user ( username, password_hash, role, enabled ) VALUES ( ?, ?, ?, ? )
==> Parameters: stu(String), 123456(String), student(String), true(Boolean)
<==    Updates: 1
Releasing transactional SqlSession [org.apache.ibatis.session.defaults.DefaultSqlSession@6949cead]
Fetched SqlSession [org.apache.ibatis.session.defaults.DefaultSqlSession@6949cead] from current transaction
==>  Preparing: INSERT INTO material_category ( name ) VALUES ( ? )
==> Parameters: Chem(String)
<==    Updates: 1
Releasing transactional SqlSession [org.apache.ibatis.session.defaults.DefaultSqlSession@6949cead]
Fetched SqlSession [org.apache.ibatis.session.defaults.DefaultSqlSession@6949cead] from current transaction
==>  Preparing: INSERT INTO material_item ( category_id, brand, model, spec, unit_price, currency ) VALUES ( ?, ?, ?, ?, ?, ? )
==> Parameters: 1(Long), BrandA(String), M1(String), Spec(String), 10(BigDecimal), CNY(String)
<==    Updates: 1
Releasing transactional SqlSession [org.apache.ibatis.session.defaults.DefaultSqlSession@6949cead]
Fetched SqlSession [org.apache.ibatis.session.defaults.DefaultSqlSession@6949cead] from current transaction
==>  Preparing: INSERT INTO stock_batch ( item_id, batch_code, quantity ) VALUES ( ?, ?, ? )
==> Parameters: 1(Long), B1(String), 5(Integer)
<==    Updates: 1
Releasing transactional SqlSession [org.apache.ibatis.session.defaults.DefaultSqlSession@6949cead]
Fetched SqlSession [org.apache.ibatis.session.defaults.DefaultSqlSession@6949cead] from current transaction
==>  Preparing: SELECT id,username,password_hash,role,enabled FROM sys_user WHERE (username = ?)
==> Parameters: stu(String)
<==    Columns: ID, USERNAME, PASSWORD_HASH, ROLE, ENABLED
<==        Row: 2, stu, 123456, student, TRUE
<==      Total: 1
Releasing transactional SqlSession [org.apache.ibatis.session.defaults.DefaultSqlSession@6949cead]
Fetched SqlSession [org.apache.ibatis.session.defaults.DefaultSqlSession@6949cead] from current transaction
==>  Preparing: SELECT id,item_id,batch_code,quantity,expire_date,barcode,created_at FROM stock_batch WHERE (item_id = ?)
==> Parameters: 1(Long)
<==    Columns: ID, ITEM_ID, BATCH_CODE, QUANTITY, EXPIRE_DATE, BARCODE, CREATED_AT
<==        Row: 1, 1, B1, 5, null, null, 2025-11-18 21:01:20.281542
<==      Total: 1
Releasing transactional SqlSession [org.apache.ibatis.session.defaults.DefaultSqlSession@6949cead]
Fetched SqlSession [org.apache.ibatis.session.defaults.DefaultSqlSession@6949cead] from current transaction
==>  Preparing: INSERT INTO request ( item_id, qty, purpose, status, student_id ) VALUES ( ?, ?, ?, ?, ? )
==> Parameters: 1(Long), 3(Integer), test(String), pending(String), 2(Long)
<==    Updates: 1
Releasing transactional SqlSession [org.apache.ibatis.session.defaults.DefaultSqlSession@6949cead]
Fetched SqlSession [org.apache.ibatis.session.defaults.DefaultSqlSession@6949cead] from current transaction
==>  Preparing: SELECT id,item_id,qty,purpose,project_no,status,comment,student_id,reviewer_id,reviewed_at,created_at FROM request
==> Parameters: 
<==    Columns: ID, ITEM_ID, QTY, PURPOSE, PROJECT_NO, STATUS, COMMENT, STUDENT_ID, REVIEWER_ID, REVIEWED_AT, CREATED_AT
<==        Row: 1, 1, 3, test, null, pending, null, 2, null, null, 2025-11-18 21:01:20.281542
<==      Total: 1
Releasing transactional SqlSession [org.apache.ibatis.session.defaults.DefaultSqlSession@6949cead]
Fetched SqlSession [org.apache.ibatis.session.defaults.DefaultSqlSession@6949cead] from current transaction
==>  Preparing: SELECT id,username,password_hash,role,enabled FROM sys_user WHERE (username = ?)
==> Parameters: admin(String)
<==    Columns: ID, USERNAME, PASSWORD_HASH, ROLE, ENABLED
<==        Row: 1, admin, 123456, admin, TRUE
<==      Total: 1
Releasing transactional SqlSession [org.apache.ibatis.session.defaults.DefaultSqlSession@6949cead]
Fetched SqlSession [org.apache.ibatis.session.defaults.DefaultSqlSession@6949cead] from current transaction
==>  Preparing: SELECT id,item_id,qty,purpose,project_no,status,comment,student_id,reviewer_id,reviewed_at,created_at FROM request WHERE id=?
==> Parameters: 1(Long)
<==    Columns: ID, ITEM_ID, QTY, PURPOSE, PROJECT_NO, STATUS, COMMENT, STUDENT_ID, REVIEWER_ID, REVIEWED_AT, CREATED_AT
<==        Row: 1, 1, 3, test, null, pending, null, 2, null, null, 2025-11-18 21:01:20.281542
<==      Total: 1
Releasing transactional SqlSession [org.apache.ibatis.session.defaults.DefaultSqlSession@6949cead]
Fetched SqlSession [org.apache.ibatis.session.defaults.DefaultSqlSession@6949cead] from current transaction
==>  Preparing: SELECT id,item_id,batch_code,quantity,expire_date,barcode,created_at FROM stock_batch WHERE (item_id = ? AND quantity > ?) ORDER BY id ASC
==> Parameters: 1(Long), 0(Integer)
<==    Columns: ID, ITEM_ID, BATCH_CODE, QUANTITY, EXPIRE_DATE, BARCODE, CREATED_AT
<==        Row: 1, 1, B1, 5, null, null, 2025-11-18 21:01:20.281542
<==      Total: 1
Releasing transactional SqlSession [org.apache.ibatis.session.defaults.DefaultSqlSession@6949cead]
Fetched SqlSession [org.apache.ibatis.session.defaults.DefaultSqlSession@6949cead] from current transaction
Releasing transactional SqlSession [org.apache.ibatis.session.defaults.DefaultSqlSession@6949cead]
Fetched SqlSession [org.apache.ibatis.session.defaults.DefaultSqlSession@6949cead] from current transaction
==>  Preparing: UPDATE stock_batch SET quantity=? WHERE id=?
==> Parameters: 2(Integer), 1(Long)
<==    Updates: 1
Releasing transactional SqlSession [org.apache.ibatis.session.defaults.DefaultSqlSession@6949cead]
Fetched SqlSession [org.apache.ibatis.session.defaults.DefaultSqlSession@6949cead] from current transaction
==>  Preparing: INSERT INTO stock_transaction ( batch_id, txn_type, qty, usage ) VALUES ( ?, ?, ?, ? )
==> Parameters: 1(Long), OUT(String), 3(Integer), request approve(String)
<==    Updates: 1
Releasing transactional SqlSession [org.apache.ibatis.session.defaults.DefaultSqlSession@6949cead]
Fetched SqlSession [org.apache.ibatis.session.defaults.DefaultSqlSession@6949cead] from current transaction
==>  Preparing: UPDATE request SET status=?, comment=?, reviewer_id=?, reviewed_at=? WHERE id=?
==> Parameters: approved(String), ok(String), 1(Long), 2025-11-18T21:01:20.383834300(LocalDateTime), 1(Long)
<==    Updates: 1
Releasing transactional SqlSession [org.apache.ibatis.session.defaults.DefaultSqlSession@6949cead]
Fetched SqlSession [org.apache.ibatis.session.defaults.DefaultSqlSession@6949cead] from current transaction
==>  Preparing: SELECT id,item_id,qty,purpose,project_no,status,comment,student_id,reviewer_id,reviewed_at,created_at FROM request WHERE id=?
==> Parameters: 1(Long)
<==    Columns: ID, ITEM_ID, QTY, PURPOSE, PROJECT_NO, STATUS, COMMENT, STUDENT_ID, REVIEWER_ID, REVIEWED_AT, CREATED_AT
<==        Row: 1, 1, 3, test, null, approved, ok, 2, 1, 2025-11-18 21:01:20.383834, 2025-11-18 21:01:20.281542
<==      Total: 1
Releasing transactional SqlSession [org.apache.ibatis.session.defaults.DefaultSqlSession@6949cead]
Fetched SqlSession [org.apache.ibatis.session.defaults.DefaultSqlSession@6949cead] from current transaction
==>  Preparing: SELECT id,item_id,batch_code,quantity,expire_date,barcode,created_at FROM stock_batch
==> Parameters: 
<==    Columns: ID, ITEM_ID, BATCH_CODE, QUANTITY, EXPIRE_DATE, BARCODE, CREATED_AT
<==        Row: 1, 1, B1, 2, null, null, 2025-11-18 21:01:20.281542
<==      Total: 1
Releasing transactional SqlSession [org.apache.ibatis.session.defaults.DefaultSqlSession@6949cead]
Fetched SqlSession [org.apache.ibatis.session.defaults.DefaultSqlSession@6949cead] from current transaction
==>  Preparing: SELECT id,item_id,batch_code,quantity,expire_date,barcode,created_at FROM stock_batch WHERE id=?
==> Parameters: 1(Long)
<==    Columns: ID, ITEM_ID, BATCH_CODE, QUANTITY, EXPIRE_DATE, BARCODE, CREATED_AT
<==        Row: 1, 1, B1, 2, null, null, 2025-11-18 21:01:20.281542
<==      Total: 1
Releasing transactional SqlSession [org.apache.ibatis.session.defaults.DefaultSqlSession@6949cead]
Transaction synchronization deregistering SqlSession [org.apache.ibatis.session.defaults.DefaultSqlSession@6949cead]
Transaction synchronization closing SqlSession [org.apache.ibatis.session.defaults.DefaultSqlSession@6949cead]
]]></system-out>
    <system-err><![CDATA[WARNING: A Java agent has been loaded dynamically (C:\Users\R9000P_BOOM\.m2\repository\net\bytebuddy\byte-buddy-agent\1.14.13\byte-buddy-agent-1.14.13.jar)
WARNING: If a serviceability tool is in use, please run with -XX:+EnableDynamicAgentLoading to hide this warning
WARNING: If a serviceability tool is not in use, please run with -Djdk.instrument.traceUsage for more information
WARNING: Dynamic loading of agents will be disallowed by default in a future release
]]></system-err>
  </testcase>
  <testcase name="rejectShouldNotChangeStock" classname="com.example.smartmaterials.service.RequestServiceTest" time="0.021">
    <system-out><![CDATA[Creating a new SqlSession
Registering transaction synchronization for SqlSession [org.apache.ibatis.session.defaults.DefaultSqlSession@6c2f8ecb]
JDBC Connection [HikariProxyConnection@640068149 wrapping conn0: url=jdbc:h2:mem:testdb user=SA] will be managed by Spring
==>  Preparing: INSERT INTO sys_user ( username, password_hash, role, enabled ) VALUES ( ?, ?, ?, ? )
==> Parameters: admin(String), 123456(String), admin(String), true(Boolean)
<==    Updates: 1
Releasing transactional SqlSession [org.apache.ibatis.session.defaults.DefaultSqlSession@6c2f8ecb]
Fetched SqlSession [org.apache.ibatis.session.defaults.DefaultSqlSession@6c2f8ecb] from current transaction
==>  Preparing: INSERT INTO sys_user ( username, password_hash, role, enabled ) VALUES ( ?, ?, ?, ? )
==> Parameters: stu(String), 123456(String), student(String), true(Boolean)
<==    Updates: 1
Releasing transactional SqlSession [org.apache.ibatis.session.defaults.DefaultSqlSession@6c2f8ecb]
Fetched SqlSession [org.apache.ibatis.session.defaults.DefaultSqlSession@6c2f8ecb] from current transaction
==>  Preparing: INSERT INTO material_category ( name ) VALUES ( ? )
==> Parameters: Chem(String)
<==    Updates: 1
Releasing transactional SqlSession [org.apache.ibatis.session.defaults.DefaultSqlSession@6c2f8ecb]
Fetched SqlSession [org.apache.ibatis.session.defaults.DefaultSqlSession@6c2f8ecb] from current transaction
==>  Preparing: INSERT INTO material_item ( category_id, brand, model, spec, unit_price, currency ) VALUES ( ?, ?, ?, ?, ?, ? )
==> Parameters: 2(Long), BrandA(String), M1(String), Spec(String), 10(BigDecimal), CNY(String)
<==    Updates: 1
Releasing transactional SqlSession [org.apache.ibatis.session.defaults.DefaultSqlSession@6c2f8ecb]
Fetched SqlSession [org.apache.ibatis.session.defaults.DefaultSqlSession@6c2f8ecb] from current transaction
==>  Preparing: INSERT INTO stock_batch ( item_id, batch_code, quantity ) VALUES ( ?, ?, ? )
==> Parameters: 2(Long), B1(String), 5(Integer)
<==    Updates: 1
Releasing transactional SqlSession [org.apache.ibatis.session.defaults.DefaultSqlSession@6c2f8ecb]
Fetched SqlSession [org.apache.ibatis.session.defaults.DefaultSqlSession@6c2f8ecb] from current transaction
==>  Preparing: SELECT id,username,password_hash,role,enabled FROM sys_user WHERE (username = ?)
==> Parameters: stu(String)
<==    Columns: ID, USERNAME, PASSWORD_HASH, ROLE, ENABLED
<==        Row: 4, stu, 123456, student, TRUE
<==      Total: 1
Releasing transactional SqlSession [org.apache.ibatis.session.defaults.DefaultSqlSession@6c2f8ecb]
Fetched SqlSession [org.apache.ibatis.session.defaults.DefaultSqlSession@6c2f8ecb] from current transaction
==>  Preparing: SELECT id,item_id,batch_code,quantity,expire_date,barcode,created_at FROM stock_batch WHERE (item_id = ?)
==> Parameters: 2(Long)
<==    Columns: ID, ITEM_ID, BATCH_CODE, QUANTITY, EXPIRE_DATE, BARCODE, CREATED_AT
<==        Row: 2, 2, B1, 5, null, null, 2025-11-18 21:01:20.413977
<==      Total: 1
Releasing transactional SqlSession [org.apache.ibatis.session.defaults.DefaultSqlSession@6c2f8ecb]
Fetched SqlSession [org.apache.ibatis.session.defaults.DefaultSqlSession@6c2f8ecb] from current transaction
==>  Preparing: INSERT INTO request ( item_id, qty, purpose, status, student_id ) VALUES ( ?, ?, ?, ?, ? )
==> Parameters: 2(Long), 2(Integer), test(String), pending(String), 4(Long)
<==    Updates: 1
Releasing transactional SqlSession [org.apache.ibatis.session.defaults.DefaultSqlSession@6c2f8ecb]
Fetched SqlSession [org.apache.ibatis.session.defaults.DefaultSqlSession@6c2f8ecb] from current transaction
==>  Preparing: SELECT id,item_id,qty,purpose,project_no,status,comment,student_id,reviewer_id,reviewed_at,created_at FROM request
==> Parameters: 
<==    Columns: ID, ITEM_ID, QTY, PURPOSE, PROJECT_NO, STATUS, COMMENT, STUDENT_ID, REVIEWER_ID, REVIEWED_AT, CREATED_AT
<==        Row: 2, 2, 2, test, null, pending, null, 4, null, null, 2025-11-18 21:01:20.413977
<==      Total: 1
Releasing transactional SqlSession [org.apache.ibatis.session.defaults.DefaultSqlSession@6c2f8ecb]
Fetched SqlSession [org.apache.ibatis.session.defaults.DefaultSqlSession@6c2f8ecb] from current transaction
==>  Preparing: SELECT id,username,password_hash,role,enabled FROM sys_user WHERE (username = ?)
==> Parameters: admin(String)
<==    Columns: ID, USERNAME, PASSWORD_HASH, ROLE, ENABLED
<==        Row: 3, admin, 123456, admin, TRUE
<==      Total: 1
Releasing transactional SqlSession [org.apache.ibatis.session.defaults.DefaultSqlSession@6c2f8ecb]
Fetched SqlSession [org.apache.ibatis.session.defaults.DefaultSqlSession@6c2f8ecb] from current transaction
==>  Preparing: SELECT id,item_id,qty,purpose,project_no,status,comment,student_id,reviewer_id,reviewed_at,created_at FROM request WHERE id=?
==> Parameters: 2(Long)
<==    Columns: ID, ITEM_ID, QTY, PURPOSE, PROJECT_NO, STATUS, COMMENT, STUDENT_ID, REVIEWER_ID, REVIEWED_AT, CREATED_AT
<==        Row: 2, 2, 2, test, null, pending, null, 4, null, null, 2025-11-18 21:01:20.413977
<==      Total: 1
Releasing transactional SqlSession [org.apache.ibatis.session.defaults.DefaultSqlSession@6c2f8ecb]
Fetched SqlSession [org.apache.ibatis.session.defaults.DefaultSqlSession@6c2f8ecb] from current transaction
==>  Preparing: UPDATE request SET status=?, comment=?, reviewer_id=?, reviewed_at=? WHERE id=?
==> Parameters: rejected(String), no(String), 3(Long), 2025-11-18T21:01:20.423991300(LocalDateTime), 2(Long)
<==    Updates: 1
Releasing transactional SqlSession [org.apache.ibatis.session.defaults.DefaultSqlSession@6c2f8ecb]
Fetched SqlSession [org.apache.ibatis.session.defaults.DefaultSqlSession@6c2f8ecb] from current transaction
==>  Preparing: SELECT id,item_id,qty,purpose,project_no,status,comment,student_id,reviewer_id,reviewed_at,created_at FROM request WHERE id=?
==> Parameters: 2(Long)
<==    Columns: ID, ITEM_ID, QTY, PURPOSE, PROJECT_NO, STATUS, COMMENT, STUDENT_ID, REVIEWER_ID, REVIEWED_AT, CREATED_AT
<==        Row: 2, 2, 2, test, null, rejected, no, 4, 3, 2025-11-18 21:01:20.423991, 2025-11-18 21:01:20.413977
<==      Total: 1
Releasing transactional SqlSession [org.apache.ibatis.session.defaults.DefaultSqlSession@6c2f8ecb]
Fetched SqlSession [org.apache.ibatis.session.defaults.DefaultSqlSession@6c2f8ecb] from current transaction
==>  Preparing: SELECT id,item_id,batch_code,quantity,expire_date,barcode,created_at FROM stock_batch
==> Parameters: 
<==    Columns: ID, ITEM_ID, BATCH_CODE, QUANTITY, EXPIRE_DATE, BARCODE, CREATED_AT
<==        Row: 2, 2, B1, 5, null, null, 2025-11-18 21:01:20.413977
<==      Total: 1
Releasing transactional SqlSession [org.apache.ibatis.session.defaults.DefaultSqlSession@6c2f8ecb]
Transaction synchronization deregistering SqlSession [org.apache.ibatis.session.defaults.DefaultSqlSession@6c2f8ecb]
Transaction synchronization closing SqlSession [org.apache.ibatis.session.defaults.DefaultSqlSession@6c2f8ecb]
]]></system-out>
  </testcase>
  <testcase name="createShouldFailWhenInsufficientStock" classname="com.example.smartmaterials.service.RequestServiceTest" time="0.014">
    <system-out><![CDATA[Creating a new SqlSession
Registering transaction synchronization for SqlSession [org.apache.ibatis.session.defaults.DefaultSqlSession@4c614d8c]
JDBC Connection [HikariProxyConnection@964736079 wrapping conn0: url=jdbc:h2:mem:testdb user=SA] will be managed by Spring
==>  Preparing: INSERT INTO sys_user ( username, password_hash, role, enabled ) VALUES ( ?, ?, ?, ? )
==> Parameters: admin(String), 123456(String), admin(String), true(Boolean)
<==    Updates: 1
Releasing transactional SqlSession [org.apache.ibatis.session.defaults.DefaultSqlSession@4c614d8c]
Fetched SqlSession [org.apache.ibatis.session.defaults.DefaultSqlSession@4c614d8c] from current transaction
==>  Preparing: INSERT INTO sys_user ( username, password_hash, role, enabled ) VALUES ( ?, ?, ?, ? )
==> Parameters: stu(String), 123456(String), student(String), true(Boolean)
<==    Updates: 1
Releasing transactional SqlSession [org.apache.ibatis.session.defaults.DefaultSqlSession@4c614d8c]
Fetched SqlSession [org.apache.ibatis.session.defaults.DefaultSqlSession@4c614d8c] from current transaction
==>  Preparing: INSERT INTO material_category ( name ) VALUES ( ? )
==> Parameters: Chem(String)
<==    Updates: 1
Releasing transactional SqlSession [org.apache.ibatis.session.defaults.DefaultSqlSession@4c614d8c]
Fetched SqlSession [org.apache.ibatis.session.defaults.DefaultSqlSession@4c614d8c] from current transaction
==>  Preparing: INSERT INTO material_item ( category_id, brand, model, spec, unit_price, currency ) VALUES ( ?, ?, ?, ?, ?, ? )
==> Parameters: 3(Long), BrandA(String), M1(String), Spec(String), 10(BigDecimal), CNY(String)
<==    Updates: 1
Releasing transactional SqlSession [org.apache.ibatis.session.defaults.DefaultSqlSession@4c614d8c]
Fetched SqlSession [org.apache.ibatis.session.defaults.DefaultSqlSession@4c614d8c] from current transaction
==>  Preparing: INSERT INTO stock_batch ( item_id, batch_code, quantity ) VALUES ( ?, ?, ? )
==> Parameters: 3(Long), B1(String), 5(Integer)
<==    Updates: 1
Releasing transactional SqlSession [org.apache.ibatis.session.defaults.DefaultSqlSession@4c614d8c]
Fetched SqlSession [org.apache.ibatis.session.defaults.DefaultSqlSession@4c614d8c] from current transaction
==>  Preparing: SELECT id,username,password_hash,role,enabled FROM sys_user WHERE (username = ?)
==> Parameters: stu(String)
<==    Columns: ID, USERNAME, PASSWORD_HASH, ROLE, ENABLED
<==        Row: 6, stu, 123456, student, TRUE
<==      Total: 1
Releasing transactional SqlSession [org.apache.ibatis.session.defaults.DefaultSqlSession@4c614d8c]
Fetched SqlSession [org.apache.ibatis.session.defaults.DefaultSqlSession@4c614d8c] from current transaction
==>  Preparing: SELECT id,item_id,batch_code,quantity,expire_date,barcode,created_at FROM stock_batch WHERE (item_id = ?)
==> Parameters: 3(Long)
<==    Columns: ID, ITEM_ID, BATCH_CODE, QUANTITY, EXPIRE_DATE, BARCODE, CREATED_AT
<==        Row: 3, 3, B1, 5, null, null, 2025-11-18 21:01:20.433818
<==      Total: 1
Releasing transactional SqlSession [org.apache.ibatis.session.defaults.DefaultSqlSession@4c614d8c]
Transaction synchronization deregistering SqlSession [org.apache.ibatis.session.defaults.DefaultSqlSession@4c614d8c]
Transaction synchronization closing SqlSession [org.apache.ibatis.session.defaults.DefaultSqlSession@4c614d8c]
]]></system-out>
  </testcase>
</testsuite>